<?xml version="1.0" encoding="UTF-8"?>
<testng-results skipped="0" failed="0" ignored="0" total="2" passed="2">
  <reporter-output>
  </reporter-output>
  <suite name="Default suite" duration-ms="47" started-at="2020-12-04T13:44:20Z" finished-at="2020-12-04T13:44:20Z">
    <groups>
    </groups>
    <test name="Default test" duration-ms="47" started-at="2020-12-04T13:44:20Z" finished-at="2020-12-04T13:44:20Z">
      <class name="dataProvider.Testng">
        <test-method status="PASS" signature="beforeTest()[pri:0, instance:dataProvider.Testng@f67476da]" name="beforeTest" is-config="true" duration-ms="12" started-at="2020-12-04T13:44:20Z" finished-at="2020-12-04T13:44:20Z">
          <reporter-output>
          </reporter-output>
        </test-method> <!-- beforeTest -->
        <test-method status="PASS" signature="test(java.lang.Integer, java.lang.String, java.lang.String)[pri:0, instance:dataProvider.Testng@f67476da]" name="test" duration-ms="5" started-at="2020-12-04T13:44:20Z" data-provider="data" finished-at="2020-12-04T13:44:20Z">
          <params>
            <param index="0">
              <value>
                <![CDATA[9]]>
              </value>
            </param>
            <param index="1">
              <value>
                <![CDATA[Robert]]>
              </value>
            </param>
            <param index="2">
              <value>
                <![CDATA[Lewandowski]]>
              </value>
            </param>
          </params>
          <reporter-output>
          </reporter-output>
        </test-method> <!-- test -->
        <test-method status="PASS" signature="test(java.lang.Integer, java.lang.String, java.lang.String)[pri:0, instance:dataProvider.Testng@f67476da]" name="test" duration-ms="2" started-at="2020-12-04T13:44:20Z" data-provider="data" finished-at="2020-12-04T13:44:20Z">
          <params>
            <param index="0">
              <value>
                <![CDATA[25]]>
              </value>
            </param>
            <param index="1">
              <value>
                <![CDATA[Thomas]]>
              </value>
            </param>
            <param index="2">
              <value>
                <![CDATA[Muller]]>
              </value>
            </param>
          </params>
          <reporter-output>
          </reporter-output>
        </test-method> <!-- test -->
        <test-method status="PASS" signature="afterTest()[pri:0, instance:dataProvider.Testng@f67476da]" name="afterTest" is-config="true" duration-ms="0" started-at="2020-12-04T13:44:20Z" finished-at="2020-12-04T13:44:20Z">
          <reporter-output>
          </reporter-output>
        </test-method> <!-- afterTest -->
      </class> <!-- dataProvider.Testng -->
    </test> <!-- Default test -->
  </suite> <!-- Default suite -->
</testng-results>
